[18-Sep-2025 07:32:04 UTC] There aren't users with empty `account_status`. Maybe some users were approved manually or deleted.
[18-Sep-2025 07:32:04 UTC] There aren't users with empty `account_status`. Maybe some users were approved manually or deleted.
[18-Sep-2025 07:48:00 UTC] PHP Fatal error:  Uncaught ArgumentCountError: 3 arguments are required, 2 given in C:\Users\Ralse\Local Sites\clubdeportivoetsit\app\public\wp-admin\includes\class-bulk-upgrader-skin.php:208
Stack trace:
#0 C:\Users\Ralse\Local Sites\clubdeportivoetsit\app\public\wp-admin\includes\class-bulk-upgrader-skin.php(208): sprintf('%1$s installed ...', 'WPForms')
#1 C:\Users\Ralse\Local Sites\clubdeportivoetsit\app\public\wp-content\plugins\famethemes-demo-importer\inc\class-tgm-plugin-activation.php(3646): Bulk_Upgrader_Skin->after('WPForms')
#2 C:\Users\Ralse\Local Sites\clubdeportivoetsit\app\public\wp-admin\includes\class-wp-upgrader.php(948): TGMPA_Bulk_Installer_Skin->after()
#3 C:\Users\Ralse\Local Sites\clubdeportivoetsit\app\public\wp-content\plugins\famethemes-demo-importer\inc\class-tgm-plugin-activation.php(3266): WP_Upgrader->run(Array)
#4 C:\Users\Ralse\Local Sites\clubdeportivoetsit\app\public\wp-content\plugins\famethemes-demo-importer\inc\class-tgm-plugin-activation.php(3371): TGMPA_Bulk_Installer->run(Array)
#5 C:\Users\Ralse\Local Sites\clubdeportivoetsit\app\public\wp-content\plugins\famethemes-demo-importer\inc\class-tgm-plugin-activation.php(2985): TGMPA_Bulk_Installer->bulk_install(Array)
#6 C:\Users\Ralse\Local Sites\clubdeportivoetsit\app\public\wp-content\plugins\famethemes-demo-importer\inc\class-tgm-plugin-activation.php(751): TGMPA_List_Table->process_bulk_actions()
#7 C:\Users\Ralse\Local Sites\clubdeportivoetsit\app\public\wp-includes\class-wp-hook.php(324): TGM_Plugin_Activation->install_plugins_page('')
#8 C:\Users\Ralse\Local Sites\clubdeportivoetsit\app\public\wp-includes\class-wp-hook.php(348): WP_Hook->apply_filters('', Array)
#9 C:\Users\Ralse\Local Sites\clubdeportivoetsit\app\public\wp-includes\plugin.php(517): WP_Hook->do_action(Array)
#10 C:\Users\Ralse\Local Sites\clubdeportivoetsit\app\public\wp-admin\admin.php(260): do_action('plugins_page_tg...')
#11 C:\Users\Ralse\Local Sites\clubdeportivoetsit\app\public\wp-admin\plugins.php(10): require_once('C:\\Users\\Ralse\\...')
#12 {main}
  thrown in C:\Users\Ralse\Local Sites\clubdeportivoetsit\app\public\wp-admin\includes\class-bulk-upgrader-skin.php on line 208
[18-Sep-2025 10:49:55 UTC] WordPress database error You have an error in your SQL syntax; check the manual that corresponds to your MySQL server version for the right syntax to use near '(``)' at line 1 for query ALTER TABLE wp_ssa_availability ADD  `` (``) made by require_once('wp-admin/admin.php'), require_once('wp-load.php'), require_once('wp-config.php'), require_once('wp-settings.php'), do_action('plugins_loaded'), WP_Hook->do_action, WP_Hook->apply_filters, Simply_Schedule_Appointments->hooks, Simply_Schedule_Appointments->plugins_loaded, Simply_Schedule_Appointments->plugin_classes, SSA_Availability_Model->__construct, SSA_Db_Model->__construct, TD_DB_Model->__construct, TD_DB_Model->db_hooks, TD_DB_Model->maybe_create_table, TD_DB_Model->create_table, dbDelta
[18-Sep-2025 10:49:56 UTC] WordPress database error You have an error in your SQL syntax; check the manual that corresponds to your MySQL server version for the right syntax to use near '(``)' at line 1 for query ALTER TABLE wp_ssa_async_actions ADD  `` (``) made by require_once('wp-admin/admin.php'), require_once('wp-load.php'), require_once('wp-config.php'), require_once('wp-settings.php'), do_action('plugins_loaded'), WP_Hook->do_action, WP_Hook->apply_filters, Simply_Schedule_Appointments->hooks, Simply_Schedule_Appointments->plugins_loaded, Simply_Schedule_Appointments->plugin_classes, SSA_Async_Action_Model->__construct, TD_Async_Action_Model->__construct, TD_DB_Model->__construct, TD_DB_Model->db_hooks, TD_DB_Model->maybe_create_table, TD_DB_Model->create_table, dbDelta
[18-Sep-2025 10:49:57 UTC] WordPress database error You have an error in your SQL syntax; check the manual that corresponds to your MySQL server version for the right syntax to use near '(``)' at line 1 for query ALTER TABLE wp_ssa_appointment_type_labels ADD  `` (``) made by require_once('wp-admin/admin.php'), require_once('wp-load.php'), require_once('wp-config.php'), require_once('wp-settings.php'), do_action('init'), WP_Hook->do_action, WP_Hook->apply_filters, SSA_Upgrade->migrations, SSA_Upgrade->migrate_to_version_6_1_5, SSA_Upgrade->migrate_appointment_type_labels, TD_DB_Model->create_table, dbDelta
[18-Sep-2025 10:49:57 UTC] WordPress database error You have an error in your SQL syntax; check the manual that corresponds to your MySQL server version for the right syntax to use near '(``)' at line 1 for query ALTER TABLE wp_ssa_appointment_type_labels ADD  `` (``) made by require_once('wp-admin/admin.php'), require_once('wp-load.php'), require_once('wp-config.php'), require_once('wp-settings.php'), do_action('init'), WP_Hook->do_action, WP_Hook->apply_filters, SSA_Upgrade->migrations, SSA_Upgrade->migrate_to_version_6_1_5, SSA_Upgrade->migrate_appointment_type_labels, TD_DB_Model->create_table, dbDelta
